[2022-03-12 22:29:05]	compilation failed at : "c:\Users\Administrator.DESKTOP-EF3VR03\Desktop\ZET6\SYSTEM\usart\usart.c", exit code: 1
  at unify_builder.Program.compileByMulThread (System.Int32 thrNum, unify_builder.CmdGenerator+CmdInfo[] cmds, System.Collections.Generic.List`1[T] errLogs) [0x00104] in <67d11e1b30504dd6babd321425698ba1>:0 
  at unify_builder.Program.Main (System.String[] args) [0x018f4] in <67d11e1b30504dd6babd321425698ba1>:0 
---
".\..\SYSTEM\usart\usart.c", line 20: Error:  #260-D: explicit type is missing ("int" assumed)
  _sys_exit(int x) 
  ^
.\..\SYSTEM\usart\usart.c: 0 warnings, 1 error

[2022-03-12 22:29:53]	compilation failed at : "c:\Users\Administrator.DESKTOP-EF3VR03\Desktop\ZET6\SYSTEM\usart\usart.c", exit code: 1
  at unify_builder.Program.Main (System.String[] args) [0x0187a] in <67d11e1b30504dd6babd321425698ba1>:0 
---
".\..\SYSTEM\usart\usart.c", line 20: Error:  #260-D: explicit type is missing ("int" assumed)
  _sys_exit(int x) 
  ^
.\..\SYSTEM\usart\usart.c: 0 warnings, 1 error

[2022-03-12 22:32:26]	[done]
	build successfully !

[2022-03-12 22:32:48]	compilation failed at : "c:\Users\Administrator.DESKTOP-EF3VR03\Desktop\ZET6\SYSTEM\usart\usart.c", exit code: 1
  at unify_builder.Program.Main (System.String[] args) [0x0187a] in <67d11e1b30504dd6babd321425698ba1>:0 
---
".\..\SYSTEM\usart\usart.c", line 20: Error:  #260-D: explicit type is missing ("int" assumed)
  _sys_exit(int x) 
  ^
.\..\SYSTEM\usart\usart.c: 0 warnings, 1 error

[2022-03-12 22:32:56]	[done]
	build successfully !

[2022-03-12 22:43:30]	[done]
	build successfully !

[2022-03-12 22:43:34]	[done]
	build successfully !

[2022-03-12 22:44:51]	[done]
	build successfully !

[2022-03-12 22:51:56]	[done]
	build successfully !

